<?xml version="1.0" encoding="UTF-8"?>
<!-- Generated by org.testng.reporters.JUnitReportReporter -->
<testsuite hostname="YouCanDoMagic" failures="0" tests="1" name="test.Varification" time="66.349" errors="0" timestamp="2020-12-07T11:04:52 IST" skipped="0">
  <testcase classname="test.Varification" name="init" time="66.349"/>
  <system-out/>
</testsuite> <!-- test.Varification -->
